<?xml version="1.0" encoding="UTF-8"?>
<!-- Generated by org.testng.reporters.JUnitReportReporter -->
<testsuite hostname="DESKTOP-OB2V9RH" name="TestCases.TestCase_5" tests="1" failures="0" timestamp="16 May 2021 14:05:34 GMT" time="4.670" errors="0">
  <testcase name="loginFunctionality" time="4.670" classname="TestCases.TestCase_5"/>
</testsuite> <!-- TestCases.TestCase_5 -->
