<?xml version="1.0" encoding="UTF-8"?>
<!-- Generated by org.testng.reporters.JUnitReportReporter -->
<testsuite hostname="DESKTOP-OB2V9RH" name="TestCases.Solution_1" tests="1" failures="0" timestamp="2 May 2021 21:19:43 GMT" time="10.743" errors="0">
  <testcase name="loginFunctionality" time="10.743" classname="TestCases.Solution_1"/>
</testsuite> <!-- TestCases.Solution_1 -->
