<?xml version="1.0" encoding="UTF-8"?>
<!-- Generated by org.testng.reporters.JUnitReportReporter -->
<testsuite hostname="DESKTOP-OB2V9RH" name="TestCases.TestCase6" tests="1" failures="0" timestamp="16 May 2021 14:06:00 GMT" time="3.027" errors="0">
  <testcase name="highlighterCssSelector" time="3.027" classname="TestCases.TestCase6"/>
</testsuite> <!-- TestCases.TestCase6 -->
