<?xml version="1.0" encoding="UTF-8"?>
<!-- Generated by org.testng.reporters.JUnitReportReporter -->
<testsuite hostname="DESKTOP-OB2V9RH" name="TestCases.TestCase3" tests="2" failures="0" timestamp="5 May 2021 22:53:26 GMT" time="44.013" errors="0">
  <testcase name="test1_Listener" time="22.838" classname="TestCases.TestCase3"/>
  <testcase name="test2_Listener" time="21.175" classname="TestCases.TestCase3"/>
</testsuite> <!-- TestCases.TestCase3 -->
