<?xml version="1.0" encoding="UTF-8"?>
<!-- Generated by org.testng.reporters.JUnitReportReporter -->
<testsuite skipped="0" hostname="DESKTOP-OB2V9RH" name="TestCases.TestCase7" tests="1" failures="0" timestamp="2021-05-16T16:33:22 CST" time="2.530" errors="0">
  <testcase name="highlighterXpath" time="2.530" classname="TestCases.TestCase7"/>
  <system-out/>
</testsuite> <!-- TestCases.TestCase7 -->
