<?xml version="1.0" encoding="UTF-8"?>
<!-- Generated by org.testng.reporters.JUnitReportReporter -->
<testsuite hostname="DESKTOP-OB2V9RH" name="TestCases.TestCase_Login" tests="1" failures="0" timestamp="25 Apr 2021 16:56:06 GMT" time="4.045" errors="0">
  <testcase name="loginFunctionality" time="4.045" classname="TestCases.TestCase_Login"/>
</testsuite> <!-- TestCases.TestCase_Login -->
